2021-12-13 13:54:21,070 - __main__ - INFO - Connected to MQTT Broker!
2021-12-13 13:54:21,072 - __main__ - INFO - Received `{"url":"https://boschonaws.s3.ap-south-1.amazonaws.com/deviceVersion.txt"}` from `TopicDeviceVersionURL` topic
2021-12-13 13:54:22,070 - __main__ - INFO - Send `{deviceVersion: 1.0.0 }` to topic `TopicCurrentDeviceVerison` successfull
2021-12-13 13:54:24,753 - __main__ - ERROR - Interrupted
2021-12-13 14:19:51,989 - __main__ - INFO - Connected to MQTT Broker!
2021-12-13 14:19:51,991 - __main__ - INFO - Received `{"url":"https://boschonaws.s3.ap-south-1.amazonaws.com/deviceVersion.txt"}` from `TopicDeviceVersionURL` topic
2021-12-13 14:19:52,031 - __main__ - INFO - Downloading `https://boschonaws.s3.ap-south-1.amazonaws.com/deviceVersion.txt` to local sucessfull
2021-12-13 14:19:52,032 - __main__ - INFO - Writing `b'V=08.12.2021'` to `data.txt` sucessfull
2021-12-13 14:19:52,989 - __main__ - INFO - Send `{deviceVersion: 08.12.2021 }` to topic `TopicCurrentDeviceVerison` successfull
2021-12-13 14:19:57,995 - __main__ - INFO - Send `{deviceVersion: 08.12.2021 }` to topic `TopicCurrentDeviceVerison` successfull
2021-12-13 14:20:03,001 - __main__ - INFO - Send `{deviceVersion: 08.12.2021 }` to topic `TopicCurrentDeviceVerison` successfull
2021-12-13 14:20:08,006 - __main__ - INFO - Send `{deviceVersion: 08.12.2021 }` to topic `TopicCurrentDeviceVerison` successfull
2021-12-13 14:20:13,012 - __main__ - INFO - Send `{deviceVersion: 08.12.2021 }` to topic `TopicCurrentDeviceVerison` successfull
2021-12-13 14:20:18,018 - __main__ - INFO - Send `{deviceVersion: 08.12.2021 }` to topic `TopicCurrentDeviceVerison` successfull
2021-12-13 14:20:23,023 - __main__ - INFO - Send `{deviceVersion: 08.12.2021 }` to topic `TopicCurrentDeviceVerison` successfull
2021-12-13 14:20:28,029 - __main__ - INFO - Send `{deviceVersion: 08.12.2021 }` to topic `TopicCurrentDeviceVerison` successfull
2021-12-13 14:20:33,035 - __main__ - INFO - Send `{deviceVersion: 08.12.2021 }` to topic `TopicCurrentDeviceVerison` successfull
2021-12-13 14:20:38,040 - __main__ - INFO - Send `{deviceVersion: 08.12.2021 }` to topic `TopicCurrentDeviceVerison` successfull
2021-12-13 14:20:43,046 - __main__ - INFO - Send `{deviceVersion: 08.12.2021 }` to topic `TopicCurrentDeviceVerison` successfull
2021-12-13 14:20:48,051 - __main__ - INFO - Send `{deviceVersion: 08.12.2021 }` to topic `TopicCurrentDeviceVerison` successfull
2021-12-13 14:20:53,057 - __main__ - INFO - Send `{deviceVersion: 08.12.2021 }` to topic `TopicCurrentDeviceVerison` successfull
2021-12-13 14:20:58,062 - __main__ - INFO - Send `{deviceVersion: 08.12.2021 }` to topic `TopicCurrentDeviceVerison` successfull
2021-12-13 14:21:03,064 - __main__ - INFO - Send `{deviceVersion: 08.12.2021 }` to topic `TopicCurrentDeviceVerison` successfull
2021-12-13 14:21:08,070 - __main__ - INFO - Send `{deviceVersion: 08.12.2021 }` to topic `TopicCurrentDeviceVerison` successfull
2021-12-13 14:21:13,075 - __main__ - INFO - Send `{deviceVersion: 08.12.2021 }` to topic `TopicCurrentDeviceVerison` successfull
2021-12-13 14:21:18,081 - __main__ - INFO - Send `{deviceVersion: 08.12.2021 }` to topic `TopicCurrentDeviceVerison` successfull
2021-12-13 14:21:23,086 - __main__ - INFO - Send `{deviceVersion: 08.12.2021 }` to topic `TopicCurrentDeviceVerison` successfull
2021-12-13 14:21:28,092 - __main__ - INFO - Send `{deviceVersion: 08.12.2021 }` to topic `TopicCurrentDeviceVerison` successfull
2021-12-13 14:21:33,097 - __main__ - INFO - Send `{deviceVersion: 08.12.2021 }` to topic `TopicCurrentDeviceVerison` successfull
2021-12-13 14:21:38,103 - __main__ - INFO - Send `{deviceVersion: 08.12.2021 }` to topic `TopicCurrentDeviceVerison` successfull
2021-12-13 14:21:43,109 - __main__ - INFO - Send `{deviceVersion: 08.12.2021 }` to topic `TopicCurrentDeviceVerison` successfull
2021-12-13 14:21:48,114 - __main__ - INFO - Send `{deviceVersion: 08.12.2021 }` to topic `TopicCurrentDeviceVerison` successfull
2021-12-13 14:21:53,120 - __main__ - INFO - Send `{deviceVersion: 08.12.2021 }` to topic `TopicCurrentDeviceVerison` successfull
2021-12-13 14:21:58,125 - __main__ - INFO - Send `{deviceVersion: 08.12.2021 }` to topic `TopicCurrentDeviceVerison` successfull
2021-12-13 14:22:03,127 - __main__ - INFO - Send `{deviceVersion: 08.12.2021 }` to topic `TopicCurrentDeviceVerison` successfull
2021-12-13 14:22:08,133 - __main__ - INFO - Send `{deviceVersion: 08.12.2021 }` to topic `TopicCurrentDeviceVerison` successfull
2021-12-13 14:22:13,139 - __main__ - INFO - Send `{deviceVersion: 08.12.2021 }` to topic `TopicCurrentDeviceVerison` successfull
2021-12-13 14:22:14,520 - __main__ - INFO - Received `{"url":"https://boschonaws.s3.ap-south-1.amazonaws.com/deviceVersion.txt"}` from `TopicDeviceVersionURL` topic
2021-12-13 14:22:14,558 - __main__ - INFO - Downloading `https://boschonaws.s3.ap-south-1.amazonaws.com/deviceVersion.txt` to local sucessfull
2021-12-13 14:22:14,559 - __main__ - INFO - Writing `b'V=1.0.0'` to `data.txt` sucessfull
2021-12-13 14:22:18,144 - __main__ - INFO - Send `{deviceVersion: 1.0.0 }` to topic `TopicCurrentDeviceVerison` successfull
2021-12-13 14:22:23,150 - __main__ - INFO - Send `{deviceVersion: 1.0.0 }` to topic `TopicCurrentDeviceVerison` successfull
2021-12-13 14:22:28,151 - __main__ - INFO - Send `{deviceVersion: 1.0.0 }` to topic `TopicCurrentDeviceVerison` successfull
2021-12-13 14:22:33,157 - __main__ - INFO - Send `{deviceVersion: 1.0.0 }` to topic `TopicCurrentDeviceVerison` successfull
2021-12-13 14:22:38,162 - __main__ - INFO - Send `{deviceVersion: 1.0.0 }` to topic `TopicCurrentDeviceVerison` successfull
2021-12-13 14:22:43,168 - __main__ - INFO - Send `{deviceVersion: 1.0.0 }` to topic `TopicCurrentDeviceVerison` successfull
2021-12-13 14:22:48,174 - __main__ - INFO - Send `{deviceVersion: 1.0.0 }` to topic `TopicCurrentDeviceVerison` successfull
2021-12-13 14:22:53,175 - __main__ - INFO - Send `{deviceVersion: 1.0.0 }` to topic `TopicCurrentDeviceVerison` successfull
2021-12-13 14:22:58,180 - __main__ - INFO - Send `{deviceVersion: 1.0.0 }` to topic `TopicCurrentDeviceVerison` successfull
2021-12-13 14:23:03,186 - __main__ - INFO - Send `{deviceVersion: 1.0.0 }` to topic `TopicCurrentDeviceVerison` successfull
2021-12-13 14:23:08,191 - __main__ - INFO - Send `{deviceVersion: 1.0.0 }` to topic `TopicCurrentDeviceVerison` successfull
2021-12-13 14:23:13,197 - __main__ - INFO - Send `{deviceVersion: 1.0.0 }` to topic `TopicCurrentDeviceVerison` successfull
2021-12-13 14:23:18,199 - __main__ - INFO - Send `{deviceVersion: 1.0.0 }` to topic `TopicCurrentDeviceVerison` successfull
2021-12-13 14:23:23,205 - __main__ - INFO - Send `{deviceVersion: 1.0.0 }` to topic `TopicCurrentDeviceVerison` successfull
2021-12-13 14:23:28,211 - __main__ - INFO - Send `{deviceVersion: 1.0.0 }` to topic `TopicCurrentDeviceVerison` successfull
2021-12-13 14:23:33,216 - __main__ - INFO - Send `{deviceVersion: 1.0.0 }` to topic `TopicCurrentDeviceVerison` successfull
2021-12-13 14:23:38,222 - __main__ - INFO - Send `{deviceVersion: 1.0.0 }` to topic `TopicCurrentDeviceVerison` successfull
2021-12-13 14:23:43,227 - __main__ - INFO - Send `{deviceVersion: 1.0.0 }` to topic `TopicCurrentDeviceVerison` successfull
2021-12-13 14:23:48,232 - __main__ - INFO - Send `{deviceVersion: 1.0.0 }` to topic `TopicCurrentDeviceVerison` successfull
2021-12-13 14:23:50,401 - __main__ - INFO - Received `{"url":"https://boschonaws.s3.ap-south-1.amazonaws.com/deviceVersion.txt"}` from `TopicDeviceVersionURL` topic
2021-12-13 14:23:50,439 - __main__ - INFO - Downloading `https://boschonaws.s3.ap-south-1.amazonaws.com/deviceVersion.txt` to local sucessfull
2021-12-13 14:23:50,440 - __main__ - INFO - Writing `b'V=2.0.0'` to `data.txt` sucessfull
2021-12-13 14:23:53,236 - __main__ - INFO - Send `{deviceVersion: 2.0.0 }` to topic `TopicCurrentDeviceVerison` successfull
2021-12-13 14:23:58,242 - __main__ - INFO - Send `{deviceVersion: 2.0.0 }` to topic `TopicCurrentDeviceVerison` successfull
2021-12-13 14:24:03,247 - __main__ - INFO - Send `{deviceVersion: 2.0.0 }` to topic `TopicCurrentDeviceVerison` successfull
2021-12-13 14:24:08,253 - __main__ - INFO - Send `{deviceVersion: 2.0.0 }` to topic `TopicCurrentDeviceVerison` successfull
2021-12-13 14:24:13,259 - __main__ - INFO - Send `{deviceVersion: 2.0.0 }` to topic `TopicCurrentDeviceVerison` successfull
2021-12-13 14:24:18,265 - __main__ - INFO - Send `{deviceVersion: 2.0.0 }` to topic `TopicCurrentDeviceVerison` successfull
2021-12-13 14:24:23,270 - __main__ - INFO - Send `{deviceVersion: 2.0.0 }` to topic `TopicCurrentDeviceVerison` successfull
2021-12-13 14:24:28,276 - __main__ - INFO - Send `{deviceVersion: 2.0.0 }` to topic `TopicCurrentDeviceVerison` successfull
2021-12-13 14:24:33,281 - __main__ - INFO - Send `{deviceVersion: 2.0.0 }` to topic `TopicCurrentDeviceVerison` successfull
2021-12-13 14:24:38,287 - __main__ - INFO - Send `{deviceVersion: 2.0.0 }` to topic `TopicCurrentDeviceVerison` successfull
2021-12-13 14:24:43,293 - __main__ - INFO - Send `{deviceVersion: 2.0.0 }` to topic `TopicCurrentDeviceVerison` successfull
2021-12-13 14:24:48,298 - __main__ - INFO - Send `{deviceVersion: 2.0.0 }` to topic `TopicCurrentDeviceVerison` successfull
2021-12-13 14:24:53,304 - __main__ - INFO - Send `{deviceVersion: 2.0.0 }` to topic `TopicCurrentDeviceVerison` successfull
2021-12-13 14:24:58,309 - __main__ - INFO - Send `{deviceVersion: 2.0.0 }` to topic `TopicCurrentDeviceVerison` successfull
2021-12-13 14:25:03,312 - __main__ - INFO - Send `{deviceVersion: 2.0.0 }` to topic `TopicCurrentDeviceVerison` successfull
2021-12-13 14:25:08,318 - __main__ - INFO - Send `{deviceVersion: 2.0.0 }` to topic `TopicCurrentDeviceVerison` successfull
2021-12-13 14:25:13,324 - __main__ - INFO - Send `{deviceVersion: 2.0.0 }` to topic `TopicCurrentDeviceVerison` successfull
2021-12-13 14:25:18,329 - __main__ - INFO - Send `{deviceVersion: 2.0.0 }` to topic `TopicCurrentDeviceVerison` successfull
2021-12-13 14:25:23,335 - __main__ - INFO - Send `{deviceVersion: 2.0.0 }` to topic `TopicCurrentDeviceVerison` successfull
2021-12-13 14:25:28,340 - __main__ - INFO - Send `{deviceVersion: 2.0.0 }` to topic `TopicCurrentDeviceVerison` successfull
2021-12-13 14:25:33,259 - __main__ - ERROR - Interrupted
2021-12-13 14:27:29,162 - __main__ - INFO - Connected to MQTT Broker!
2021-12-13 14:27:29,164 - __main__ - INFO - Received `{"url":"https://boschonaws.s3.ap-south-1.amazonaws.com/deviceVersion.txt"}` from `TopicDeviceVersionURL` topic
2021-12-13 14:27:29,207 - __main__ - INFO - Downloading `https://boschonaws.s3.ap-south-1.amazonaws.com/deviceVersion.txt` to local sucessfull
2021-12-13 14:27:29,208 - __main__ - INFO - Writing `b'V=2.0.0'` to `data.txt` sucessfull
2021-12-13 14:27:30,162 - __main__ - INFO - Send `{deviceVersion: 2.0.0 }` to topic `TopicCurrentDeviceVerison` successfull
2021-12-13 14:27:35,168 - __main__ - INFO - Send `{deviceVersion: 2.0.0 }` to topic `TopicCurrentDeviceVerison` successfull
2021-12-13 14:27:40,174 - __main__ - INFO - Send `{deviceVersion: 2.0.0 }` to topic `TopicCurrentDeviceVerison` successfull
2021-12-13 14:27:45,179 - __main__ - INFO - Send `{deviceVersion: 2.0.0 }` to topic `TopicCurrentDeviceVerison` successfull
2021-12-13 14:27:45,669 - __main__ - ERROR - Interrupted
2021-12-13 15:09:55,559 - __main__ - INFO - Connected to MQTT Broker!
2021-12-13 15:09:55,561 - __main__ - INFO - Received `{"url":"https://boschonaws.s3.ap-south-1.amazonaws.com/deviceVersion.txt"}` from `TopicDeviceVersionURL` topic
2021-12-13 15:09:55,605 - __main__ - INFO - Downloading `https://boschonaws.s3.ap-south-1.amazonaws.com/deviceVersion.txt` to local sucessfull
2021-12-13 15:09:55,606 - __main__ - INFO - Writing `b'V=2.0.0'` to `data.txt` sucessfull
2021-12-13 15:09:56,560 - __main__ - INFO - Send `{deviceVersion: 2.0.0 }` to topic `TopicCurrentDeviceVerison` successfull
2021-12-13 15:10:00,189 - __main__ - ERROR - Interrupted
